<?xml version="1.0" encoding="UTF-8"?>
<testng-results ignored="0" total="8" passed="8" failed="0" skipped="0">
  <reporter-output>
  </reporter-output>
  <suite started-at="2023-11-07T07:47:30Z" name="Data Driven Framework" finished-at="2023-11-07T07:48:26Z" duration-ms="55939">
    <groups>
    </groups>
    <test started-at="2023-11-07T07:47:30Z" name="Find New Cars Test" finished-at="2023-11-07T07:48:01Z" duration-ms="30055">
      <class name="testcases.FindNewCarsTest">
        <test-method signature="FindNewCars(java.util.Hashtable)[pri:0, instance:testcases.FindNewCarsTest@7ceb3185]" started-at="2023-11-07T07:47:31Z" name="FindNewCars" data-provider="dp" finished-at="2023-11-07T07:47:42Z" duration-ms="10441" status="PASS">
          <params>
            <param index="0">
              <value>
                <![CDATA[{browser=chrome, Runmode=Y, carTitle=Kia Cars, carBrand=kia}]]>
              </value>
            </param>
          </params>
          <reporter-output>
          </reporter-output>
        </test-method> <!-- FindNewCars -->
        <test-method is-config="true" signature="quit()[pri:0, instance:testcases.FindNewCarsTest@7ceb3185]" started-at="2023-11-07T07:47:42Z" name="quit" finished-at="2023-11-07T07:47:42Z" duration-ms="264" status="PASS">
          <reporter-output>
          </reporter-output>
        </test-method> <!-- quit -->
        <test-method signature="FindNewCars(java.util.Hashtable)[pri:0, instance:testcases.FindNewCarsTest@7ceb3185]" started-at="2023-11-07T07:47:42Z" name="FindNewCars" data-provider="dp" finished-at="2023-11-07T07:47:48Z" duration-ms="5879" status="PASS">
          <params>
            <param index="0">
              <value>
                <![CDATA[{browser=chrome, Runmode=Y, carTitle=BMW Cars, carBrand=bmw}]]>
              </value>
            </param>
          </params>
          <reporter-output>
          </reporter-output>
        </test-method> <!-- FindNewCars -->
        <test-method is-config="true" signature="quit()[pri:0, instance:testcases.FindNewCarsTest@7ceb3185]" started-at="2023-11-07T07:47:48Z" name="quit" finished-at="2023-11-07T07:47:48Z" duration-ms="292" status="PASS">
          <reporter-output>
          </reporter-output>
        </test-method> <!-- quit -->
        <test-method signature="FindNewCars(java.util.Hashtable)[pri:0, instance:testcases.FindNewCarsTest@7ceb3185]" started-at="2023-11-07T07:47:48Z" name="FindNewCars" data-provider="dp" finished-at="2023-11-07T07:47:54Z" duration-ms="6149" status="PASS">
          <params>
            <param index="0">
              <value>
                <![CDATA[{browser=chrome, Runmode=Y, carTitle=Honda Cars, carBrand=honda}]]>
              </value>
            </param>
          </params>
          <reporter-output>
          </reporter-output>
        </test-method> <!-- FindNewCars -->
        <test-method is-config="true" signature="quit()[pri:0, instance:testcases.FindNewCarsTest@7ceb3185]" started-at="2023-11-07T07:47:54Z" name="quit" finished-at="2023-11-07T07:47:54Z" duration-ms="279" status="PASS">
          <reporter-output>
          </reporter-output>
        </test-method> <!-- quit -->
        <test-method signature="FindNewCars(java.util.Hashtable)[pri:0, instance:testcases.FindNewCarsTest@7ceb3185]" started-at="2023-11-07T07:47:54Z" name="FindNewCars" data-provider="dp" finished-at="2023-11-07T07:48:00Z" duration-ms="5790" status="PASS">
          <params>
            <param index="0">
              <value>
                <![CDATA[{browser=chrome, Runmode=Y, carTitle=Toyota Cars, carBrand=toyota}]]>
              </value>
            </param>
          </params>
          <reporter-output>
          </reporter-output>
        </test-method> <!-- FindNewCars -->
        <test-method is-config="true" signature="quit()[pri:0, instance:testcases.FindNewCarsTest@7ceb3185]" started-at="2023-11-07T07:48:00Z" name="quit" finished-at="2023-11-07T07:48:01Z" duration-ms="263" status="PASS">
          <reporter-output>
          </reporter-output>
        </test-method> <!-- quit -->
      </class> <!-- testcases.FindNewCarsTest -->
    </test> <!-- Find New Cars Test -->
    <test started-at="2023-11-07T07:48:01Z" name="Car Name and Price Test" finished-at="2023-11-07T07:48:26Z" duration-ms="25859">
      <class name="testcases.CarNamesAndPriceTest">
        <test-method is-config="true" signature="setUp()[pri:0, instance:testcases.CarNamesAndPriceTest@44d52de2]" started-at="2023-11-07T07:47:30Z" name="setUp" finished-at="2023-11-07T07:47:30Z" duration-ms="38" status="PASS">
          <reporter-output>
          </reporter-output>
        </test-method> <!-- setUp -->
        <test-method signature="carNamesAndPrices(java.util.Hashtable)[pri:0, instance:testcases.CarNamesAndPriceTest@44d52de2]" started-at="2023-11-07T07:48:01Z" name="carNamesAndPrices" data-provider="dp" finished-at="2023-11-07T07:48:07Z" duration-ms="6279" status="PASS">
          <params>
            <param index="0">
              <value>
                <![CDATA[{browser=chrome, Runmode=Y, carTitle=Kia Cars, carBrand=kia}]]>
              </value>
            </param>
          </params>
          <reporter-output>
          </reporter-output>
        </test-method> <!-- carNamesAndPrices -->
        <test-method is-config="true" signature="quit()[pri:0, instance:testcases.CarNamesAndPriceTest@44d52de2]" started-at="2023-11-07T07:48:07Z" name="quit" finished-at="2023-11-07T07:48:07Z" duration-ms="349" status="PASS">
          <reporter-output>
          </reporter-output>
        </test-method> <!-- quit -->
        <test-method signature="carNamesAndPrices(java.util.Hashtable)[pri:0, instance:testcases.CarNamesAndPriceTest@44d52de2]" started-at="2023-11-07T07:48:07Z" name="carNamesAndPrices" data-provider="dp" finished-at="2023-11-07T07:48:13Z" duration-ms="6185" status="PASS">
          <params>
            <param index="0">
              <value>
                <![CDATA[{browser=chrome, Runmode=Y, carTitle=BMW Cars, carBrand=bmw}]]>
              </value>
            </param>
          </params>
          <reporter-output>
          </reporter-output>
        </test-method> <!-- carNamesAndPrices -->
        <test-method is-config="true" signature="quit()[pri:0, instance:testcases.CarNamesAndPriceTest@44d52de2]" started-at="2023-11-07T07:48:13Z" name="quit" finished-at="2023-11-07T07:48:14Z" duration-ms="254" status="PASS">
          <reporter-output>
          </reporter-output>
        </test-method> <!-- quit -->
        <test-method signature="carNamesAndPrices(java.util.Hashtable)[pri:0, instance:testcases.CarNamesAndPriceTest@44d52de2]" started-at="2023-11-07T07:48:14Z" name="carNamesAndPrices" data-provider="dp" finished-at="2023-11-07T07:48:20Z" duration-ms="5970" status="PASS">
          <params>
            <param index="0">
              <value>
                <![CDATA[{browser=chrome, Runmode=Y, carTitle=Honda Cars, carBrand=honda}]]>
              </value>
            </param>
          </params>
          <reporter-output>
          </reporter-output>
        </test-method> <!-- carNamesAndPrices -->
        <test-method is-config="true" signature="quit()[pri:0, instance:testcases.CarNamesAndPriceTest@44d52de2]" started-at="2023-11-07T07:48:20Z" name="quit" finished-at="2023-11-07T07:48:20Z" duration-ms="331" status="PASS">
          <reporter-output>
          </reporter-output>
        </test-method> <!-- quit -->
        <test-method signature="carNamesAndPrices(java.util.Hashtable)[pri:0, instance:testcases.CarNamesAndPriceTest@44d52de2]" started-at="2023-11-07T07:48:20Z" name="carNamesAndPrices" data-provider="dp" finished-at="2023-11-07T07:48:26Z" duration-ms="6112" status="PASS">
          <params>
            <param index="0">
              <value>
                <![CDATA[{browser=chrome, Runmode=Y, carTitle=Toyota Cars, carBrand=toyota}]]>
              </value>
            </param>
          </params>
          <reporter-output>
          </reporter-output>
        </test-method> <!-- carNamesAndPrices -->
        <test-method is-config="true" signature="quit()[pri:0, instance:testcases.CarNamesAndPriceTest@44d52de2]" started-at="2023-11-07T07:48:26Z" name="quit" finished-at="2023-11-07T07:48:26Z" duration-ms="323" status="PASS">
          <reporter-output>
          </reporter-output>
        </test-method> <!-- quit -->
        <test-method is-config="true" signature="quitPlaywright()[pri:0, instance:testcases.CarNamesAndPriceTest@44d52de2]" started-at="2023-11-07T07:48:26Z" name="quitPlaywright" finished-at="2023-11-07T07:48:38Z" duration-ms="11647" status="PASS">
          <reporter-output>
          </reporter-output>
        </test-method> <!-- quitPlaywright -->
      </class> <!-- testcases.CarNamesAndPriceTest -->
    </test> <!-- Car Name and Price Test -->
  </suite> <!-- Data Driven Framework -->
</testng-results>
