<?xml version="1.0" encoding="UTF-8"?>
<!-- Generated by org.testng.reporters.JUnitXMLReporter -->
<testsuite ignored="0" hostname="Kavitha_Bandiga" failures="0" tests="4" name="Car Name and Price Test" time="25.859" errors="0" timestamp="07 Nov 2023 07:48:26 GMT">
  <testcase classname="testcases.CarNamesAndPriceTest" name="carNamesAndPrices" time="6.279"/>
  <testcase classname="testcases.CarNamesAndPriceTest" name="carNamesAndPrices" time="6.185"/>
  <testcase classname="testcases.CarNamesAndPriceTest" name="carNamesAndPrices" time="5.97"/>
  <testcase classname="testcases.CarNamesAndPriceTest" name="carNamesAndPrices" time="6.112"/>
</testsuite> <!-- Car Name and Price Test -->
