<?xml version="1.0" encoding="UTF-8"?>
<!-- Generated by org.testng.reporters.JUnitXMLReporter -->
<testsuite ignored="0" hostname="Kavitha_Bandiga" failures="0" tests="4" name="Find New Cars Test" time="30.055" errors="0" timestamp="07 Nov 2023 07:48:01 GMT">
  <testcase classname="testcases.FindNewCarsTest" name="FindNewCars" time="10.441"/>
  <testcase classname="testcases.FindNewCarsTest" name="FindNewCars" time="5.879"/>
  <testcase classname="testcases.FindNewCarsTest" name="FindNewCars" time="6.149"/>
  <testcase classname="testcases.FindNewCarsTest" name="FindNewCars" time="5.79"/>
</testsuite> <!-- Find New Cars Test -->
